<?xml version="1.0" encoding="UTF-8"?>
<!-- Generated by org.testng.reporters.JUnitXMLReporter -->
<testsuite ignored="0" hostname="nicolassanchez" failures="0" tests="7" name="Restaurants in Yelp" time="192.785" errors="0" timestamp="2020-11-05T10:01:43 UYT">
  <testcase classname="tests.mainRunner" name="results_no_filter" time="10.089"/>
  <testcase classname="tests.mainRunner" name="results_with_filters" time="19.962"/>
  <testcase classname="tests.mainRunner" name="results_with_filters" time="19.556"/>
  <testcase classname="tests.mainRunner" name="results_with_filters" time="19.235"/>
  <testcase classname="tests.mainRunner" name="information_first_result" time="43.589"/>
  <testcase classname="tests.mainRunner" name="information_first_result" time="40.229"/>
  <testcase classname="tests.mainRunner" name="information_first_result" time="40.095"/>
</testsuite> <!-- Restaurants in Yelp -->
