<?xml version="1.0" encoding="UTF-8"?>
<testng-results ignored="0" total="7" passed="7" failed="0" skipped="0">
  <reporter-output>
    <line>
      <![CDATA[Non Filtered Search: There are 11 Pizza Restaurant results in current page.]]>
    </line>
    <line>
      <![CDATA[Filtered Search: There are 11 Pizza Restaurant results in current page.]]>
    </line>
    <line>
      <![CDATA[Number of stars of Result[1]: 3 star rating<br>]]>
    </line>
    <line>
      <![CDATA[Number of stars of Result[2]: 4 star rating<br>]]>
    </line>
    <line>
      <![CDATA[Number of stars of Result[3]: 3.5 star rating<br>]]>
    </line>
    <line>
      <![CDATA[Number of stars of Result[4]: 3.5 star rating<br>]]>
    </line>
    <line>
      <![CDATA[Number of stars of Result[5]: 3.5 star rating<br>]]>
    </line>
    <line>
      <![CDATA[Number of stars of Result[6]: 4 star rating<br>]]>
    </line>
    <line>
      <![CDATA[Number of stars of Result[7]: 3.5 star rating<br>]]>
    </line>
    <line>
      <![CDATA[Number of stars of Result[8]: 4 star rating<br>]]>
    </line>
    <line>
      <![CDATA[Number of stars of Result[9]: 4.5 star rating<br>]]>
    </line>
    <line>
      <![CDATA[Number of stars of Result[10]: 3.5 star rating<br>]]>
    </line>
    <line>
      <![CDATA[Number of stars of Result[11]: 4 star rating<br>]]>
    </line>
    <line>
      <![CDATA[Number of stars of Result[12]: 3.5 star rating<br>]]>
    </line>
    <line>
      <![CDATA[Number of stars of Result[13]: 3.5 star rating<br>]]>
    </line>
    <line>
      <![CDATA[Filtered Search: There are 11 Pizza Restaurant results in current page.]]>
    </line>
    <line>
      <![CDATA[Number of stars of Result[1]: 4 star rating<br>]]>
    </line>
    <line>
      <![CDATA[Number of stars of Result[2]: 4.5 star rating<br>]]>
    </line>
    <line>
      <![CDATA[Number of stars of Result[3]: 4 star rating<br>]]>
    </line>
    <line>
      <![CDATA[Number of stars of Result[4]: 2.5 star rating<br>]]>
    </line>
    <line>
      <![CDATA[Number of stars of Result[5]: 3.5 star rating<br>]]>
    </line>
    <line>
      <![CDATA[Number of stars of Result[6]: 4.5 star rating<br>]]>
    </line>
    <line>
      <![CDATA[Number of stars of Result[7]: 4 star rating<br>]]>
    </line>
    <line>
      <![CDATA[Number of stars of Result[8]: 4.5 star rating<br>]]>
    </line>
    <line>
      <![CDATA[Number of stars of Result[9]: 2.5 star rating<br>]]>
    </line>
    <line>
      <![CDATA[Number of stars of Result[10]: 4.5 star rating<br>]]>
    </line>
    <line>
      <![CDATA[Number of stars of Result[11]: 4 star rating<br>]]>
    </line>
    <line>
      <![CDATA[Number of stars of Result[12]: 4 star rating<br>]]>
    </line>
    <line>
      <![CDATA[Number of stars of Result[13]: 4.5 star rating<br>]]>
    </line>
    <line>
      <![CDATA[Filtered Search: There are 4 Pizza Restaurant results in current page.]]>
    </line>
    <line>
      <![CDATA[Number of stars of Result[1]: 3.5 star rating<br>]]>
    </line>
    <line>
      <![CDATA[Number of stars of Result[2]: 3 star rating<br>]]>
    </line>
    <line>
      <![CDATA[Number of stars of Result[3]: 3.5 star rating<br>]]>
    </line>
    <line>
      <![CDATA[Number of stars of Result[4]: 3 star rating<br>]]>
    </line>
    <line>
      <![CDATA[Number of stars of Result[5]: 4 star rating<br>]]>
    </line>
    <line>
      <![CDATA[Number of stars of Result[6]: 2.5 star rating<br>]]>
    </line>
    <line>
      <![CDATA[Website Page: pizzaplacesf.com <br>]]>
    </line>
    <line>
      <![CDATA[Phone number: (415) 759-5752 <br>]]>
    </line>
    <line>
      <![CDATA[Address: 3901 Noriega St, San Francisco, CA 94122 <br>]]>
    </line>
    <line>
      <![CDATA[Website Page: giorgiospizza.com <br>]]>
    </line>
    <line>
      <![CDATA[Phone number: (415) 668-1266 <br>]]>
    </line>
    <line>
      <![CDATA[Address: 151 Clement St, San Francisco, CA 94118 <br>]]>
    </line>
    <line>
      <![CDATA[Website Page: maps.apple.com/?address=… <br>]]>
    </line>
    <line>
      <![CDATA[Phone number: (415) 242-6282 <br>]]>
    </line>
    <line>
      <![CDATA[Address: 3251 20th Ave, San Francisco, CA 94132 <br>]]>
    </line>
  </reporter-output>
  <suite started-at="2020-11-05T09:58:30 UYT" name="Yelp Search" finished-at="2020-11-05T10:01:43 UYT" duration-ms="192785">
    <groups>
    </groups>
    <test started-at="2020-11-05T09:58:30 UYT" name="Restaurants in Yelp" finished-at="2020-11-05T10:01:43 UYT" duration-ms="192785">
      <class name="tests.mainRunner">
        <test-method is-config="true" signature="before_scenario()[pri:0, instance:tests.mainRunner@3e77a1ed]" started-at="2020-11-05T09:58:13 UYT" name="before_scenario" finished-at="2020-11-05T09:58:30 UYT" duration-ms="16467" status="PASS">
          <reporter-output>
          </reporter-output>
        </test-method> <!-- before_scenario -->
        <test-method signature="results_no_filter()[pri:0, instance:tests.mainRunner@3e77a1ed]" started-at="2020-11-05T09:58:30 UYT" name="results_no_filter" finished-at="2020-11-05T09:58:40 UYT" duration-ms="10089" status="PASS">
          <reporter-output>
            <line>
              <![CDATA[Non Filtered Search: There are 11 Pizza Restaurant results in current page.]]>
            </line>
          </reporter-output>
        </test-method> <!-- results_no_filter -->
        <test-method signature="results_with_filters(java.lang.String, java.lang.String)[pri:1, instance:tests.mainRunner@3e77a1ed]" started-at="2020-11-05T09:58:40 UYT" name="results_with_filters" data-provider="filter-checkbox" finished-at="2020-11-05T09:59:00 UYT" duration-ms="19962" status="PASS">
          <params>
            <param index="0">
              <value>
                <![CDATA[GoodForKids]]>
              </value>
            </param>
            <param index="1">
              <value>
                <![CDATA[CA:San_Francisco::Outer_Sunset]]>
              </value>
            </param>
          </params>
          <reporter-output>
            <line>
              <![CDATA[Filtered Search: There are 11 Pizza Restaurant results in current page.]]>
            </line>
            <line>
              <![CDATA[Number of stars of Result[1]: 3 star rating<br>]]>
            </line>
            <line>
              <![CDATA[Number of stars of Result[2]: 4 star rating<br>]]>
            </line>
            <line>
              <![CDATA[Number of stars of Result[3]: 3.5 star rating<br>]]>
            </line>
            <line>
              <![CDATA[Number of stars of Result[4]: 3.5 star rating<br>]]>
            </line>
            <line>
              <![CDATA[Number of stars of Result[5]: 3.5 star rating<br>]]>
            </line>
            <line>
              <![CDATA[Number of stars of Result[6]: 4 star rating<br>]]>
            </line>
            <line>
              <![CDATA[Number of stars of Result[7]: 3.5 star rating<br>]]>
            </line>
            <line>
              <![CDATA[Number of stars of Result[8]: 4 star rating<br>]]>
            </line>
            <line>
              <![CDATA[Number of stars of Result[9]: 4.5 star rating<br>]]>
            </line>
            <line>
              <![CDATA[Number of stars of Result[10]: 3.5 star rating<br>]]>
            </line>
            <line>
              <![CDATA[Number of stars of Result[11]: 4 star rating<br>]]>
            </line>
            <line>
              <![CDATA[Number of stars of Result[12]: 3.5 star rating<br>]]>
            </line>
            <line>
              <![CDATA[Number of stars of Result[13]: 3.5 star rating<br>]]>
            </line>
          </reporter-output>
        </test-method> <!-- results_with_filters -->
        <test-method signature="results_with_filters(java.lang.String, java.lang.String)[pri:1, instance:tests.mainRunner@3e77a1ed]" started-at="2020-11-05T09:59:00 UYT" name="results_with_filters" data-provider="filter-checkbox" finished-at="2020-11-05T09:59:19 UYT" duration-ms="19556" status="PASS">
          <params>
            <param index="0">
              <value>
                <![CDATA[RestaurantsGoodForGroups]]>
              </value>
            </param>
            <param index="1">
              <value>
                <![CDATA[CA:San_Francisco::Inner_Richmond]]>
              </value>
            </param>
          </params>
          <reporter-output>
            <line>
              <![CDATA[Filtered Search: There are 11 Pizza Restaurant results in current page.]]>
            </line>
            <line>
              <![CDATA[Number of stars of Result[1]: 4 star rating<br>]]>
            </line>
            <line>
              <![CDATA[Number of stars of Result[2]: 4.5 star rating<br>]]>
            </line>
            <line>
              <![CDATA[Number of stars of Result[3]: 4 star rating<br>]]>
            </line>
            <line>
              <![CDATA[Number of stars of Result[4]: 2.5 star rating<br>]]>
            </line>
            <line>
              <![CDATA[Number of stars of Result[5]: 3.5 star rating<br>]]>
            </line>
            <line>
              <![CDATA[Number of stars of Result[6]: 4.5 star rating<br>]]>
            </line>
            <line>
              <![CDATA[Number of stars of Result[7]: 4 star rating<br>]]>
            </line>
            <line>
              <![CDATA[Number of stars of Result[8]: 4.5 star rating<br>]]>
            </line>
            <line>
              <![CDATA[Number of stars of Result[9]: 2.5 star rating<br>]]>
            </line>
            <line>
              <![CDATA[Number of stars of Result[10]: 4.5 star rating<br>]]>
            </line>
            <line>
              <![CDATA[Number of stars of Result[11]: 4 star rating<br>]]>
            </line>
            <line>
              <![CDATA[Number of stars of Result[12]: 4 star rating<br>]]>
            </line>
            <line>
              <![CDATA[Number of stars of Result[13]: 4.5 star rating<br>]]>
            </line>
          </reporter-output>
        </test-method> <!-- results_with_filters -->
        <test-method signature="results_with_filters(java.lang.String, java.lang.String)[pri:1, instance:tests.mainRunner@3e77a1ed]" started-at="2020-11-05T09:59:19 UYT" name="results_with_filters" data-provider="filter-checkbox" finished-at="2020-11-05T09:59:39 UYT" duration-ms="19235" status="PASS">
          <params>
            <param index="0">
              <value>
                <![CDATA[GoodForMeal.dinner]]>
              </value>
            </param>
            <param index="1">
              <value>
                <![CDATA[CA:San_Francisco::Stonestown]]>
              </value>
            </param>
          </params>
          <reporter-output>
            <line>
              <![CDATA[Filtered Search: There are 4 Pizza Restaurant results in current page.]]>
            </line>
            <line>
              <![CDATA[Number of stars of Result[1]: 3.5 star rating<br>]]>
            </line>
            <line>
              <![CDATA[Number of stars of Result[2]: 3 star rating<br>]]>
            </line>
            <line>
              <![CDATA[Number of stars of Result[3]: 3.5 star rating<br>]]>
            </line>
            <line>
              <![CDATA[Number of stars of Result[4]: 3 star rating<br>]]>
            </line>
            <line>
              <![CDATA[Number of stars of Result[5]: 4 star rating<br>]]>
            </line>
            <line>
              <![CDATA[Number of stars of Result[6]: 2.5 star rating<br>]]>
            </line>
          </reporter-output>
        </test-method> <!-- results_with_filters -->
        <test-method signature="information_first_result(java.lang.String, java.lang.String)[pri:2, instance:tests.mainRunner@3e77a1ed]" started-at="2020-11-05T09:59:39 UYT" name="information_first_result" data-provider="filter-checkbox" finished-at="2020-11-05T10:00:22 UYT" duration-ms="43589" status="PASS">
          <params>
            <param index="0">
              <value>
                <![CDATA[GoodForKids]]>
              </value>
            </param>
            <param index="1">
              <value>
                <![CDATA[CA:San_Francisco::Outer_Sunset]]>
              </value>
            </param>
          </params>
          <reporter-output>
            <line>
              <![CDATA[Website Page: pizzaplacesf.com <br>]]>
            </line>
            <line>
              <![CDATA[Phone number: (415) 759-5752 <br>]]>
            </line>
            <line>
              <![CDATA[Address: 3901 Noriega St, San Francisco, CA 94122 <br>]]>
            </line>
          </reporter-output>
        </test-method> <!-- information_first_result -->
        <test-method signature="information_first_result(java.lang.String, java.lang.String)[pri:2, instance:tests.mainRunner@3e77a1ed]" started-at="2020-11-05T10:00:22 UYT" name="information_first_result" data-provider="filter-checkbox" finished-at="2020-11-05T10:01:02 UYT" duration-ms="40229" status="PASS">
          <params>
            <param index="0">
              <value>
                <![CDATA[RestaurantsGoodForGroups]]>
              </value>
            </param>
            <param index="1">
              <value>
                <![CDATA[CA:San_Francisco::Inner_Richmond]]>
              </value>
            </param>
          </params>
          <reporter-output>
            <line>
              <![CDATA[Website Page: giorgiospizza.com <br>]]>
            </line>
            <line>
              <![CDATA[Phone number: (415) 668-1266 <br>]]>
            </line>
            <line>
              <![CDATA[Address: 151 Clement St, San Francisco, CA 94118 <br>]]>
            </line>
          </reporter-output>
        </test-method> <!-- information_first_result -->
        <test-method signature="information_first_result(java.lang.String, java.lang.String)[pri:2, instance:tests.mainRunner@3e77a1ed]" started-at="2020-11-05T10:01:02 UYT" name="information_first_result" data-provider="filter-checkbox" finished-at="2020-11-05T10:01:43 UYT" duration-ms="40095" status="PASS">
          <params>
            <param index="0">
              <value>
                <![CDATA[GoodForMeal.dinner]]>
              </value>
            </param>
            <param index="1">
              <value>
                <![CDATA[CA:San_Francisco::Stonestown]]>
              </value>
            </param>
          </params>
          <reporter-output>
            <line>
              <![CDATA[Website Page: maps.apple.com/?address=… <br>]]>
            </line>
            <line>
              <![CDATA[Phone number: (415) 242-6282 <br>]]>
            </line>
            <line>
              <![CDATA[Address: 3251 20th Ave, San Francisco, CA 94132 <br>]]>
            </line>
          </reporter-output>
        </test-method> <!-- information_first_result -->
      </class> <!-- tests.mainRunner -->
    </test> <!-- Restaurants in Yelp -->
  </suite> <!-- Yelp Search -->
</testng-results>
