<?xml version="1.0" encoding="UTF-8"?>
<!-- Generated by org.testng.reporters.JUnitReportReporter -->
<testsuite hostname="nicolassanchez" failures="0" tests="7" name="tests.mainRunner" time="192.755" errors="0" timestamp="2020-11-05T10:01:43 UYT" skipped="0">
  <testcase classname="tests.mainRunner" name="results_no_filter" time="10.089"/>
  <system-out>
Non Filtered Search: There are 11 Pizza Restaurant results in current page.  </system-out>
  <testcase classname="tests.mainRunner" name="results_with_filters" time="19.556"/>
  <system-out>
Filtered Search: There are 11 Pizza Restaurant results in current page. Number of stars of Result[1]: 4 star rating<br> Number of stars of Result[2]: 4.5 star rating<br> Number of stars of Result[3]: 4 star rating<br> Number of stars of Result[4]: 2.5 star rating<br> Number of stars of Result[5]: 3.5 star rating<br> Number of stars of Result[6]: 4.5 star rating<br> Number of stars of Result[7]: 4 star rating<br> Number of stars of Result[8]: 4.5 star rating<br> Number of stars of Result[9]: 2.5 star rating<br> Number of stars of Result[10]: 4.5 star rating<br> Number of stars of Result[11]: 4 star rating<br> Number of stars of Result[12]: 4 star rating<br> Number of stars of Result[13]: 4.5 star rating<br>  </system-out>
  <testcase classname="tests.mainRunner" name="results_with_filters" time="19.235"/>
  <system-out>
Filtered Search: There are 4 Pizza Restaurant results in current page. Number of stars of Result[1]: 3.5 star rating<br> Number of stars of Result[2]: 3 star rating<br> Number of stars of Result[3]: 3.5 star rating<br> Number of stars of Result[4]: 3 star rating<br> Number of stars of Result[5]: 4 star rating<br> Number of stars of Result[6]: 2.5 star rating<br>  </system-out>
  <testcase classname="tests.mainRunner" name="results_with_filters" time="19.962"/>
  <system-out>
Filtered Search: There are 11 Pizza Restaurant results in current page. Number of stars of Result[1]: 3 star rating<br> Number of stars of Result[2]: 4 star rating<br> Number of stars of Result[3]: 3.5 star rating<br> Number of stars of Result[4]: 3.5 star rating<br> Number of stars of Result[5]: 3.5 star rating<br> Number of stars of Result[6]: 4 star rating<br> Number of stars of Result[7]: 3.5 star rating<br> Number of stars of Result[8]: 4 star rating<br> Number of stars of Result[9]: 4.5 star rating<br> Number of stars of Result[10]: 3.5 star rating<br> Number of stars of Result[11]: 4 star rating<br> Number of stars of Result[12]: 3.5 star rating<br> Number of stars of Result[13]: 3.5 star rating<br>  </system-out>
  <testcase classname="tests.mainRunner" name="information_first_result" time="40.229"/>
  <system-out>
Website Page: giorgiospizza.com <br> Phone number: (415) 668-1266 <br> Address: 151 Clement St, San Francisco, CA 94118 <br>  </system-out>
  <testcase classname="tests.mainRunner" name="information_first_result" time="43.589"/>
  <system-out>
Website Page: pizzaplacesf.com <br> Phone number: (415) 759-5752 <br> Address: 3901 Noriega St, San Francisco, CA 94122 <br>  </system-out>
  <testcase classname="tests.mainRunner" name="information_first_result" time="40.095"/>
  <system-out>
Website Page: maps.apple.com/?address=… <br> Phone number: (415) 242-6282 <br> Address: 3251 20th Ave, San Francisco, CA 94132 <br>  </system-out>
</testsuite> <!-- tests.mainRunner -->
